<?xml version="1.0" encoding="utf-8"?><testsuites name="pytest tests"><testsuite name="pytest" errors="0" failures="1" skipped="0" tests="26" time="6.973" timestamp="2026-09-06T06:42:07.757731+00:00" hostname="agent-env-3785182a-6b03-487d-8982-49ac022a1dfb"><testcase classname="tests.backend_test.TestAuth" name="test_signup_and_duplicate" time="0.682"><failure message="AssertionError: assert ('token' in {'token': 'eyJhbGciOiJIUzI1NiIsInR5cCI6IkpXVCJ9.eyJzdWIiOiJhYTJiMzQxMy0yNzc4LTRiODktYTljNy02ZjMyZmZlZTA4N2MiLCJlbWFpbCI6InRlc3Rfc2lnbnVwXzQ4OWY2NWZhQHguY29tIiwidG9rZW5fdXNlIjoiYWNjZXNzIiwiaXNzIjoibm90ZXZvcm8tbG9jYWwiLCJpYXQiOjE3ODg2NzY5MjgsImV4cCI6MTc4OTI4MTcyOH0.oed4rT6Uyd0eSJ8kf7fc1QgcSigfkV-vzSe7Y_KVGDY', 'user': {'email': 'test_signup_489f65fa@x.com', 'name': 'T', 'avatar_url': None, 'identity_sub': None, ...}} and 'test_signup_489f65fa@x.com' == 'TEST_signup_489f65fa@x.com'&#10;  &#10;  - TEST_signup_489f65fa@x.com&#10;  ? ^^^^&#10;  + test_signup_489f65fa@x.com&#10;  ? ^^^^)">tests/backend_test.py:76: in test_signup_and_duplicate
    assert "token" in j and j["user"]["email"] == email
E   AssertionError: assert ('token' in {'token': 'eyJhbGciOiJIUzI1NiIsInR5cCI6IkpXVCJ9.eyJzdWIiOiJhYTJiMzQxMy0yNzc4LTRiODktYTljNy02ZjMyZmZlZTA4N2MiLCJlbWFpbCI6InRlc3Rfc2lnbnVwXzQ4OWY2NWZhQHguY29tIiwidG9rZW5fdXNlIjoiYWNjZXNzIiwiaXNzIjoibm90ZXZvcm8tbG9jYWwiLCJpYXQiOjE3ODg2NzY5MjgsImV4cCI6MTc4OTI4MTcyOH0.oed4rT6Uyd0eSJ8kf7fc1QgcSigfkV-vzSe7Y_KVGDY', 'user': {'email': 'test_signup_489f65fa@x.com', 'name': 'T', 'avatar_url': None, 'identity_sub': None, ...}} and 'test_signup_489f65fa@x.com' == 'TEST_signup_489f65fa@x.com'
E     
E     - TEST_signup_489f65fa@x.com
E     ? ^^^^
E     + test_signup_489f65fa@x.com
E     ? ^^^^)</failure></testcase><testcase classname="tests.backend_test.TestItems" name="test_note_crud" time="1.564" /><testcase classname="tests.backend_test.TestAuth" name="test_login_wrong_password" time="0.363" /><testcase classname="tests.backend_test.TestAuth" name="test_me_returns_user_and_entitlements" time="0.529" /><testcase classname="tests.backend_test.TestItems" name="test_task_crud" time="0.262" /><testcase classname="tests.backend_test.TestAuth" name="test_unauth_envelope" time="0.114" /><testcase classname="tests.backend_test.TestSpaces" name="test_idempotent_create" time="0.291" /><testcase classname="tests.backend_test.TestItems" name="test_project_crud" time="0.116" /><testcase classname="tests.backend_test.TestItems" name="test_event_crud" time="0.132" /><testcase classname="tests.backend_test.TestSpaces" name="test_duplicate_name_conflict" time="0.284" /><testcase classname="tests.backend_test.TestItems" name="test_document_versions" time="0.577" /><testcase classname="tests.backend_test.TestSpaces" name="test_free_plan_team_space_402" time="0.856" /><testcase classname="tests.backend_test.TestItems" name="test_records_need_capability" time="0.296" /><testcase classname="tests.backend_test.TestItems" name="test_search_and_export" time="0.561" /><testcase classname="tests.backend_test.TestSpaces" name="test_isolation_forbidden" time="0.623" /><testcase classname="tests.backend_test.TestItems" name="test_files_upload_and_content" time="0.429" /><testcase classname="tests.backend_test.TestHealth" name="test_live" time="0.109" /><testcase classname="tests.backend_test.TestHealth" name="test_ready" time="0.129" /><testcase classname="tests.backend_test.TestVoro" name="test_agents" time="0.122" /><testcase classname="tests.backend_test.TestHealth" name="test_registry" time="0.135" /><testcase classname="tests.backend_test.TestVoro" name="test_ask_503_no_usage" time="0.681" /><testcase classname="tests.backend_test.TestChat" name="test_direct_dedupe_and_message_idempotency" time="1.457" /><testcase classname="tests.backend_test.TestVoro" name="test_context_counts" time="0.290" /><testcase classname="tests.backend_test.TestBilling" name="test_change_plan_and_expiry" time="0.614" /><testcase classname="tests.backend_test.TestChat" name="test_dm_to_stranger_forbidden" time="0.393" /><testcase classname="tests.backend_test.TestBilling" name="test_webhook_secret_and_idempotency" time="0.759" /></testsuite></testsuites>